../../wsi_pred_models/models/cnn_300_20x.model
../../wsi_pred_models/models/cnn_300_20x.model
/opt/conda/envs/cntk/lib/python3.6/importlib/_bootstrap.py:219: RuntimeWarning: numpy.dtype size changed, may indicate binary incompatibility. Expected 96, got 88
  return f(*args, **kwds)
/opt/conda/envs/cntk/lib/python3.6/importlib/_bootstrap.py:219: RuntimeWarning: numpy.dtype size changed, may indicate binary incompatibility. Expected 96, got 88
  return f(*args, **kwds)
/opt/conda/envs/cntk/lib/python3.6/importlib/_bootstrap.py:219: RuntimeWarning: numpy.dtype size changed, may indicate binary incompatibility. Expected 96, got 88
  return f(*args, **kwds)
/opt/conda/envs/cntk/lib/python3.6/importlib/_bootstrap.py:219: RuntimeWarning: numpy.dtype size changed, may indicate binary incompatibility. Expected 96, got 88
  return f(*args, **kwds)
INFO:root:Starting Model inference script at 2019-12-11 16:32:28.488480
INFO:root:Starting Model inference script at 2019-12-11 16:32:28.489866
Selected GPU[0] Tesla V100-SXM2-32GB as the process wide default device.
Selected GPU[0] Tesla V100-SXM2-32GB as the process wide default device.
total files 19
/scratch/KurcGroup/mazhao/multiplex_docker/quip_ihc_analysis/Multiplex_seg_docker/wsi_pred/new_test_set/L28352-multires_Image_979_ratio1.0_wsi.png
resizing input
files does not exists: /scratch/KurcGroup/mazhao/multiplex_docker/quip_ihc_analysis/Multiplex_seg_docker/wsi_pred/new_test_set/L28352-multires_Image_979_ratio1.0_wsi.png
/scratch/KurcGroup/mazhao/multiplex_docker/quip_ihc_analysis/Multiplex_seg_docker/wsi_pred/new_test_set/L28352-multires_Image_978_ratio1.0_wsi.png
resizing input
files does not exists: /scratch/KurcGroup/mazhao/multiplex_docker/quip_ihc_analysis/Multiplex_seg_docker/wsi_pred/new_test_set/L28352-multires_Image_978_ratio1.0_wsi.png
/scratch/KurcGroup/mazhao/multiplex_docker/quip_ihc_analysis/Multiplex_seg_docker/wsi_pred/new_test_set/N8032-multires_Image_1015_ratio1.0_wsi.png
resizing input
files does not exists: /scratch/KurcGroup/mazhao/multiplex_docker/quip_ihc_analysis/Multiplex_seg_docker/wsi_pred/new_test_set/N8032-multires_Image_1015_ratio1.0_wsi.png
/scratch/KurcGroup/mazhao/multiplex_docker/quip_ihc_analysis/Multiplex_seg_docker/wsi_pred/new_test_set/M036-multires_Image_831_ratio1.0_wsi.png
resizing input
files does not exists: /scratch/KurcGroup/mazhao/multiplex_docker/quip_ihc_analysis/Multiplex_seg_docker/wsi_pred/new_test_set/M036-multires_Image_831_ratio1.0_wsi.png
/scratch/KurcGroup/mazhao/multiplex_docker/quip_ihc_analysis/Multiplex_seg_docker/wsi_pred/new_test_set/M036-multires_Image_828_ratio1.0_wsi.png
resizing input
files does not exists: /scratch/KurcGroup/mazhao/multiplex_docker/quip_ihc_analysis/Multiplex_seg_docker/wsi_pred/new_test_set/M036-multires_Image_828_ratio1.0_wsi.png
/scratch/KurcGroup/mazhao/multiplex_docker/quip_ihc_analysis/Multiplex_seg_docker/wsi_pred/new_test_set/N22800-multires_Image_986_ratio1.0_wsi.png
resizing input
files does not exists: /scratch/KurcGroup/mazhao/multiplex_docker/quip_ihc_analysis/Multiplex_seg_docker/wsi_pred/new_test_set/N22800-multires_Image_986_ratio1.0_wsi.png
/scratch/KurcGroup/mazhao/multiplex_docker/quip_ihc_analysis/Multiplex_seg_docker/wsi_pred/new_test_set/N22800-multires_Image_993_ratio1.0_wsi.png
resizing input
files does not exists: /scratch/KurcGroup/mazhao/multiplex_docker/quip_ihc_analysis/Multiplex_seg_docker/wsi_pred/new_test_set/N22800-multires_Image_993_ratio1.0_wsi.png
/scratch/KurcGroup/mazhao/multiplex_docker/quip_ihc_analysis/Multiplex_seg_docker/wsi_pred/new_test_set/N8032-multires_Image_1007_ratio1.0_wsi.png
resizing input
files does not exists: /scratch/KurcGroup/mazhao/multiplex_docker/quip_ihc_analysis/Multiplex_seg_docker/wsi_pred/new_test_set/N8032-multires_Image_1007_ratio1.0_wsi.png
/scratch/KurcGroup/mazhao/multiplex_docker/quip_ihc_analysis/Multiplex_seg_docker/wsi_pred/new_test_set/N8032-multires_Image_1005_ratio1.0_wsi.png
resizing input
files does not exists: /scratch/KurcGroup/mazhao/multiplex_docker/quip_ihc_analysis/Multiplex_seg_docker/wsi_pred/new_test_set/N8032-multires_Image_1005_ratio1.0_wsi.png
/scratch/KurcGroup/mazhao/multiplex_docker/quip_ihc_analysis/Multiplex_seg_docker/wsi_pred/new_test_set/N22800-multires_Image_985_ratio1.0_wsi.png
resizing input
files does not exists: /scratch/KurcGroup/mazhao/multiplex_docker/quip_ihc_analysis/Multiplex_seg_docker/wsi_pred/new_test_set/N22800-multires_Image_985_ratio1.0_wsi.png
This slide is Done, i= 18
total files 19
/scratch/KurcGroup/mazhao/multiplex_docker/quip_ihc_analysis/Multiplex_seg_docker/wsi_pred/new_test_set/N8032-multires_Image_1008_ratio1.0_wsi.png
resizing input
files does not exists: /scratch/KurcGroup/mazhao/multiplex_docker/quip_ihc_analysis/Multiplex_seg_docker/wsi_pred/new_test_set/N8032-multires_Image_1008_ratio1.0_wsi.png
/scratch/KurcGroup/mazhao/multiplex_docker/quip_ihc_analysis/Multiplex_seg_docker/wsi_pred/new_test_set/N22800-multires_Image_987_ratio1.0_wsi.png
resizing input
files does not exists: /scratch/KurcGroup/mazhao/multiplex_docker/quip_ihc_analysis/Multiplex_seg_docker/wsi_pred/new_test_set/N22800-multires_Image_987_ratio1.0_wsi.png
/scratch/KurcGroup/mazhao/multiplex_docker/quip_ihc_analysis/Multiplex_seg_docker/wsi_pred/new_test_set/M036-multires_Image_830_ratio1.0_wsi.png
resizing input
files does not exists: /scratch/KurcGroup/mazhao/multiplex_docker/quip_ihc_analysis/Multiplex_seg_docker/wsi_pred/new_test_set/M036-multires_Image_830_ratio1.0_wsi.png
/scratch/KurcGroup/mazhao/multiplex_docker/quip_ihc_analysis/Multiplex_seg_docker/wsi_pred/new_test_set/L28352-multires_Image_984_ratio1.0_wsi.png
resizing input
files does not exists: /scratch/KurcGroup/mazhao/multiplex_docker/quip_ihc_analysis/Multiplex_seg_docker/wsi_pred/new_test_set/L28352-multires_Image_984_ratio1.0_wsi.png
/scratch/KurcGroup/mazhao/multiplex_docker/quip_ihc_analysis/Multiplex_seg_docker/wsi_pred/new_test_set/N22800-multires_Image_988_ratio1.0_wsi.png
resizing input
files does not exists: /scratch/KurcGroup/mazhao/multiplex_docker/quip_ihc_analysis/Multiplex_seg_docker/wsi_pred/new_test_set/N22800-multires_Image_988_ratio1.0_wsi.png
/scratch/KurcGroup/mazhao/multiplex_docker/quip_ihc_analysis/Multiplex_seg_docker/wsi_pred/new_test_set/L28352-multires_Image_982_ratio1.0_wsi.png
resizing input
files does not exists: /scratch/KurcGroup/mazhao/multiplex_docker/quip_ihc_analysis/Multiplex_seg_docker/wsi_pred/new_test_set/L28352-multires_Image_982_ratio1.0_wsi.png
/scratch/KurcGroup/mazhao/multiplex_docker/quip_ihc_analysis/Multiplex_seg_docker/wsi_pred/new_test_set/N8032-multires_Image_1016_ratio1.0_wsi.png
resizing input
files does not exists: /scratch/KurcGroup/mazhao/multiplex_docker/quip_ihc_analysis/Multiplex_seg_docker/wsi_pred/new_test_set/N8032-multires_Image_1016_ratio1.0_wsi.png
/scratch/KurcGroup/mazhao/multiplex_docker/quip_ihc_analysis/Multiplex_seg_docker/wsi_pred/new_test_set/L28352-multires_Image_981_ratio1.0_wsi.png
resizing input
files does not exists: /scratch/KurcGroup/mazhao/multiplex_docker/quip_ihc_analysis/Multiplex_seg_docker/wsi_pred/new_test_set/L28352-multires_Image_981_ratio1.0_wsi.png
/scratch/KurcGroup/mazhao/multiplex_docker/quip_ihc_analysis/Multiplex_seg_docker/wsi_pred/new_test_set/M036-multires_Image_833_ratio1.0_wsi.png
resizing input
files does not exists: /scratch/KurcGroup/mazhao/multiplex_docker/quip_ihc_analysis/Multiplex_seg_docker/wsi_pred/new_test_set/M036-multires_Image_833_ratio1.0_wsi.png
This slide is Done, i= 18
